<?xml version="1.0" encoding="UTF-8"?>
<testsuite name="org.platformfarm.knowledgebase.concurrent.ThreadInterrupted_VS_ThreadObjectIsInterrupted" tests="2" skipped="0" failures="0" errors="0" timestamp="2019-09-18T04:15:46" hostname="jchongcorServer" time="0.204">
  <properties/>
  <testcase name="threadStaticInterruptedTest" classname="org.platformfarm.knowledgebase.concurrent.ThreadInterrupted_VS_ThreadObjectIsInterrupted" time="0.103"/>
  <testcase name="threadInstanceIsInterruptedTest" classname="org.platformfarm.knowledgebase.concurrent.ThreadInterrupted_VS_ThreadObjectIsInterrupted" time="0.101"/>
  <system-out><![CDATA[Thread-4 >>> thread is Running
Thread-4 >>> thread is Running
Thread-4 >>> thread is Running
Thread-4 >>> thread is Running
Thread-4 >>> thread is Running
Thread-4 >>> thread is Running
Thread-4 >>> thread is Running
Thread-4 >>> thread is Running
Thread-4 >>> thread is Running
Thread-4 >>> thread is Running
Thread-4 >>> thread is Running, but terminate shortly. anyway current thread interrupted() is false
Thread-5 >>> thread is Running
Thread-5 >>> thread is Running
Thread-5 >>> thread is Running
Thread-5 >>> thread is Running
Thread-5 >>> thread is Running
Thread-5 >>> thread is Running
Thread-5 >>> thread is Running
Thread-5 >>> thread is Running
Thread-5 >>> thread is Running
Thread-5 >>> thread is Running
Thread-5 >>> thread is Running, but terminate shortly. anyway current thread isInterrupted() is true
]]></system-out>
  <system-err><![CDATA[]]></system-err>
</testsuite>
